
> emtiaz_portfolio_server@1.0.0 dev
> ts-node-dev --respawn --transpile-only src/server.ts

[INFO] 14:23:48 ts-node-dev ver. 2.0.0 (using ts-node ver. 10.9.2, typescript ver. 5.9.2)
[dotenv@17.2.1] injecting env (5) from .env -- tip: ⚙️  specify custom .env file path with { path: '/custom/path/.env' }
MongoDB connected
Server listening on port 4000
[0mPOST /api/v1/blogs [32m201[0m 109.413 ms - 2053[0m
[0mPOST /api/v1/blogs [32m201[0m 95.381 ms - 2224[0m
[0mGET /api/v1/blogs?page=1&limit=10 [32m200[0m 122.252 ms - 4319[0m
[0mGET /health [32m200[0m 13.648 ms - 35[0m
[0mGET /favicon.ico [33m404[0m 0.865 ms - 23[0m
[INFO] 14:30:51 Restarting: /Users/emtiazahmed/Desktop/GITHUB/emtiaz_portfolio_server/src/models/Blog.ts has been modified
[dotenv@17.2.1] injecting env (5) from .env -- tip: ⚙️  load multiple .env files with { path: ['.env.local', '.env'] }
MongoDB connected
Server listening on port 4000
[INFO] 14:31:13 Restarting: /Users/emtiazahmed/Desktop/GITHUB/emtiaz_portfolio_server/src/models/Project.ts has been modified
[dotenv@17.2.1] injecting env (5) from .env -- tip: ⚙️  override existing env vars with { override: true }
[INFO] 14:31:14 Restarting: /Users/emtiazahmed/Desktop/GITHUB/emtiaz_portfolio_server/src/models/Project.ts has been modified
[dotenv@17.2.1] injecting env (5) from .env -- tip: ⚙️  specify custom .env file path with { path: '/custom/path/.env' }
MongoDB connected
Server listening on port 4000
[INFO] 14:31:18 Restarting: /Users/emtiazahmed/Desktop/GITHUB/emtiaz_portfolio_server/src/models/Project.ts has been modified
[dotenv@17.2.1] injecting env (5) from .env -- tip: ⚙️  override existing env vars with { override: true }
MongoDB connected
Server listening on port 4000
[INFO] 14:36:19 Restarting: /Users/emtiazahmed/Desktop/GITHUB/emtiaz_portfolio_server/src/controllers/blogController.ts has been modified
[dotenv@17.2.1] injecting env (5) from .env -- tip: 📡 auto-backup env with Radar: https://dotenvx.com/radar
MongoDB connected
Server listening on port 4000
